<?xml version="1.0" encoding="UTF-8"?>
<!-- Generated by org.testng.reporters.JUnitReportReporter -->
<testsuite hostname="Veronika" failures="0" tests="6" name="tests.LoginTest" time="30.824" errors="0" timestamp="2023-03-21T21:23:05 MSK" skipped="0">
  <testcase classname="tests.LoginTest" name="loginWorks" time="12.494"/>
  <system-out/>
  <testcase classname="tests.LoginTest" name="negativeLogin" time="2.958"/>
  <system-out/>
  <testcase classname="tests.LoginTest" name="negativeLogin" time="3.135"/>
  <system-out/>
  <testcase classname="tests.LoginTest" name="negativeLogin" time="6.398"/>
  <system-out/>
  <testcase classname="tests.LoginTest" name="negativeLogin" time="2.751"/>
  <system-out/>
  <testcase classname="tests.LoginTest" name="negativeLogin" time="3.088"/>
  <system-out/>
</testsuite> <!-- tests.LoginTest -->
