<?xml version="1.0" encoding="UTF-8"?>
<!-- Generated by org.testng.reporters.JUnitReportReporter -->
<testsuite hostname="Veronika" failures="0" tests="4" name="tests.CheckoutPageTest" time="30.484" errors="0" timestamp="2023-03-21T21:23:05 MSK" skipped="0">
  <testcase classname="tests.CheckoutPageTest" name="negativeCheckout" time="11.584"/>
  <system-out/>
  <testcase classname="tests.CheckoutPageTest" name="negativeCheckout" time="4.912"/>
  <system-out/>
  <testcase classname="tests.CheckoutPageTest" name="checkoutPageWorks" time="9.568"/>
  <system-out/>
  <testcase classname="tests.CheckoutPageTest" name="negativeCheckout" time="4.420"/>
  <system-out/>
</testsuite> <!-- tests.CheckoutPageTest -->
