<?xml version="1.0" encoding="UTF-8"?>
<!-- Generated by org.testng.reporters.JUnitReportReporter -->
<testsuite hostname="Veronika" failures="0" tests="1" name="tests.BuyGoodsTest" time="8.917" errors="0" timestamp="2023-03-21T21:23:05 MSK" skipped="0">
  <testcase classname="tests.BuyGoodsTest" name="sauceDemoWorks" time="8.917"/>
  <system-out/>
</testsuite> <!-- tests.BuyGoodsTest -->
